<?xml version="1.0" encoding="UTF-8"?>
<!-- Generated by org.testng.reporters.JUnitReportReporter -->
<testsuite hostname="DELL" name="com.tab.qa.testcase.LoginPageTest" tests="3" failures="0" timestamp="13 Oct 2021 06:06:19 GMT" time="51.235" errors="0">
  <testcase name="LoginTest" time="15.405" classname="com.tab.qa.testcase.LoginPageTest"/>
  <testcase name="LogoImage" time="27.299" classname="com.tab.qa.testcase.LoginPageTest"/>
  <testcase name="LoginPageTitleTest" time="8.531" classname="com.tab.qa.testcase.LoginPageTest"/>
</testsuite> <!-- com.tab.qa.testcase.LoginPageTest -->
